<?xml version="1.0" encoding="UTF-8"?>
<!-- Generated by org.testng.reporters.JUnitReportReporter -->
<testsuite hostname="LAPTOP-7J10TCUF" failures="0" tests="2" name="com.learning_TestNG.Learning_Configuration_Annotation" time="0.012" errors="0" timestamp="2024-01-11T23:08:25 IST" skipped="0">
  <testcase classname="com.learning_TestNG.Learning_Configuration_Annotation" name="test2" time="0.002"/>
  <system-out>
    <![CDATA[Executing Test2]]>
  </system-out>
  <testcase classname="com.learning_TestNG.Learning_Configuration_Annotation" name="test1" time="0.010"/>
  <system-out>
    <![CDATA[Executing Test1]]>
  </system-out>
</testsuite> <!-- com.learning_TestNG.Learning_Configuration_Annotation -->
