<?xml version="1.0" encoding="UTF-8"?>
<!-- Generated by org.testng.reporters.JUnitReportReporter -->
<testsuite hostname="LAPTOP-7J10TCUF" failures="0" tests="2" name="com.learning_TestNG.Learning_Enabled_Attribute" time="17.029" errors="0" timestamp="2024-01-10T12:13:26 IST" skipped="1">
  <testcase classname="com.learning_TestNG.Learning_Enabled_Attribute" name="loginTest" time="17.029"/>
  <system-out/>
  <testcase classname="com.learning_TestNG.Learning_Enabled_Attribute" name="registerTest">
    <skipped/>
  </testcase> <!-- registerTest -->
  <system-out/>
</testsuite> <!-- com.learning_TestNG.Learning_Enabled_Attribute -->
