<?xml version="1.0" encoding="UTF-8"?>
<!-- Generated by org.testng.reporters.JUnitReportReporter -->
<testsuite hostname="LAPTOP-7J10TCUF" failures="0" tests="3" name="com.learning_TestNG.First_TestNG_Class" time="0.013" errors="0" timestamp="2024-01-08T18:44:50 IST" skipped="0">
  <testcase classname="com.learning_TestNG.First_TestNG_Class" name="registerTC" time="0.002"/>
  <system-out>
    <![CDATA[This is registerTC]]>
  </system-out>
  <testcase classname="com.learning_TestNG.First_TestNG_Class" name="searchTC" time="0.001"/>
  <system-out>
    <![CDATA[This is searchTC]]>
  </system-out>
  <testcase classname="com.learning_TestNG.First_TestNG_Class" name="loginTC" time="0.010"/>
  <system-out>
    <![CDATA[This is loginTC]]>
  </system-out>
</testsuite> <!-- com.learning_TestNG.First_TestNG_Class -->
