<?xml version="1.0" encoding="UTF-8"?>
<!-- Generated by org.testng.reporters.JUnitReportReporter -->
<testsuite hostname="LAPTOP-7J10TCUF" failures="0" tests="3" name="com.learning_TestNG.Learning_Priority_Attribute" time="181.441" errors="0" timestamp="2024-01-09T23:11:31 IST" skipped="0">
  <testcase classname="com.learning_TestNG.Learning_Priority_Attribute" name="loginTest" time="152.144"/>
  <system-out/>
  <testcase classname="com.learning_TestNG.Learning_Priority_Attribute" name="searchTest" time="9.350"/>
  <system-out/>
  <testcase classname="com.learning_TestNG.Learning_Priority_Attribute" name="registerTest" time="19.947"/>
  <system-out/>
</testsuite> <!-- com.learning_TestNG.Learning_Priority_Attribute -->
