<?xml version="1.0" encoding="UTF-8"?>
<!-- Generated by org.testng.reporters.JUnitReportReporter -->
<testsuite hostname="LAPTOP-7J10TCUF" failures="0" tests="1" name="com.testScripts.TC002_Add_to_Cart" time="10.772" errors="0" timestamp="2024-01-14T20:02:24 IST" skipped="0">
  <testcase classname="com.testScripts.TC002_Add_to_Cart" name="Add_To_Cart" time="10.772"/>
  <system-out/>
</testsuite> <!-- com.testScripts.TC002_Add_to_Cart -->
