<?xml version="1.0" encoding="UTF-8"?>
<!-- Generated by org.testng.reporters.JUnitReportReporter -->
<testsuite hostname="LAPTOP-7J10TCUF" failures="0" tests="1" name="com.testScripts.Login_To_DWS" time="24.400" errors="0" timestamp="2024-01-16T18:04:18 IST" skipped="0">
  <testcase classname="com.testScripts.Login_To_DWS" name="titleOfDWS" time="24.400"/>
  <system-out>
    <![CDATA[Title is validated]]>
  </system-out>
</testsuite> <!-- com.testScripts.Login_To_DWS -->
