<?xml version="1.0" encoding="UTF-8"?>
<!-- Generated by org.testng.reporters.JUnitReportReporter -->
<testsuite hostname="LAPTOP-7J10TCUF" failures="0" tests="3" name="com.learning_TestNG.Learning_DepandsOn_Method" time="58.892" errors="0" timestamp="2024-01-10T12:03:27 IST" skipped="0">
  <testcase classname="com.learning_TestNG.Learning_DepandsOn_Method" name="loginTest" time="13.846"/>
  <system-out/>
  <testcase classname="com.learning_TestNG.Learning_DepandsOn_Method" name="registerTest" time="32.974"/>
  <system-out/>
  <testcase classname="com.learning_TestNG.Learning_DepandsOn_Method" name="searchTest" time="12.072"/>
  <system-out/>
</testsuite> <!-- com.learning_TestNG.Learning_DepandsOn_Method -->
