<?xml version="1.0" encoding="UTF-8"?>
<!-- Generated by org.testng.reporters.JUnitReportReporter -->
<testsuite hostname="LAPTOP-7J10TCUF" failures="0" tests="5" name="com.learning_TestNG.Learning_Parallel_Execution_1" time="405.054" errors="0" timestamp="2024-01-10T17:06:02 IST" skipped="0">
  <testcase classname="com.learning_TestNG.Learning_Parallel_Execution_1" name="loginTest" time="80.830"/>
  <system-out/>
  <testcase classname="com.learning_TestNG.Learning_Parallel_Execution_1" name="loginTest" time="80.829"/>
  <system-out/>
  <testcase classname="com.learning_TestNG.Learning_Parallel_Execution_1" name="loginTest" time="80.853"/>
  <system-out/>
  <testcase classname="com.learning_TestNG.Learning_Parallel_Execution_1" name="loginTest" time="81.661"/>
  <system-out/>
  <testcase classname="com.learning_TestNG.Learning_Parallel_Execution_1" name="loginTest" time="80.881"/>
  <system-out/>
</testsuite> <!-- com.learning_TestNG.Learning_Parallel_Execution_1 -->
