<?xml version="1.0" encoding="UTF-8"?>
<!-- Generated by org.testng.reporters.JUnitReportReporter -->
<testsuite hostname="LAPTOP-7J10TCUF" failures="0" tests="1" name="com.testScripts.TC001_Search_Test" time="6.574" errors="0" timestamp="2024-01-14T19:43:06 IST" skipped="0">
  <testcase classname="com.testScripts.TC001_Search_Test" name="searchTest" time="6.574"/>
  <system-out/>
</testsuite> <!-- com.testScripts.TC001_Search_Test -->
