<?xml version="1.0" encoding="UTF-8"?>
<!-- Generated by org.testng.reporters.JUnitReportReporter -->
<testsuite hostname="LAPTOP-7J10TCUF" failures="0" tests="1" name="com.learning_TestNG.Learning_Invocation_Time_Out_Attribute" time="11.927" errors="0" timestamp="2024-01-10T12:20:28 IST" skipped="0">
  <testcase classname="com.learning_TestNG.Learning_Invocation_Time_Out_Attribute" name="registerTest" time="11.927"/>
  <system-out/>
</testsuite> <!-- com.learning_TestNG.Learning_Invocation_Time_Out_Attribute -->
