<?xml version="1.0" encoding="UTF-8"?>
<!-- Generated by org.testng.reporters.JUnitReportReporter -->
<testsuite hostname="LAPTOP-7J10TCUF" failures="0" tests="5" name="com.learning_TestNG.Learning_Invocation_Count_Attribute" time="63.593" errors="0" timestamp="2024-01-10T12:16:18 IST" skipped="0">
  <testcase classname="com.learning_TestNG.Learning_Invocation_Count_Attribute" name="loginTest" time="11.073"/>
  <system-out/>
  <testcase classname="com.learning_TestNG.Learning_Invocation_Count_Attribute" name="loginTest" time="12.851"/>
  <system-out/>
  <testcase classname="com.learning_TestNG.Learning_Invocation_Count_Attribute" name="loginTest" time="12.376"/>
  <system-out/>
  <testcase classname="com.learning_TestNG.Learning_Invocation_Count_Attribute" name="loginTest" time="14.817"/>
  <system-out/>
  <testcase classname="com.learning_TestNG.Learning_Invocation_Count_Attribute" name="loginTest" time="12.476"/>
  <system-out/>
</testsuite> <!-- com.learning_TestNG.Learning_Invocation_Count_Attribute -->
